2018-02-20T11:44:32.683Z ERROR   HLFConnectionManager    :fabric-client()          [EventHub.js]: on.data - Error unmarshalling transaction= { TypeNotFoundException: Type ProposeContractEvent is not defined in namespace network.om
    at ModelManager.getType (/usr/local/lib/node_modules/composer-rest-server/node_modules/composer-common/lib/modelmanager.js:386:19)
    at Serializer.fromJSON (/usr/local/lib/node_modules/composer-rest-server/node_modules/composer-common/lib/serializer.js:143:52)
    at events.forEach (/usr/local/lib/node_modules/composer-rest-server/node_modules/composer-client/lib/businessnetworkconnection.js:479:89)
    at Array.forEach (native)
    at HLFConnection.connection.on (/usr/local/lib/node_modules/composer-rest-server/node_modules/composer-client/lib/businessnetworkconnection.js:478:28)
    at emitOne (events.js:96:13)
    at HLFConnection.emit (events.js:188:7)
    at ccEvent.eventHubs.(anonymous function).registerChaincodeEvent [as onEvent] (/usr/local/lib/node_modules/composer-rest-server/node_modules/composer-connector-hlfv1/lib/hlfconnection.js:234:22)
    at /usr/local/lib/node_modules/composer-rest-server/node_modules/fabric-client/lib/EventHub.js:810:12
    at Set.forEach (native)
    at _processChainCodeOnEvents (/usr/local/lib/node_modules/composer-rest-server/node_modules/fabric-client/lib/EventHub.js:808:14)
    at ClientDuplexStream.<anonymous> (/usr/local/lib/node_modules/composer-rest-server/node_modules/fabric-client/lib/EventHub.js:311:10)
    at emitOne (events.js:96:13)
    at ClientDuplexStream.emit (events.js:188:7)
    at readableAddChunk (_stream_readable.js:177:18)
    at ClientDuplexStream.Readable.push (_stream_readable.js:135:10)
  name: 'TypeNotFoundException',
  typeName: 'network.om.ProposeContractEvent' } {}$
2018-02-24T07:50:09.215Z ERROR   HLFConnectionManager    :fabric-client()          [EventHub.js]: on.data - Error unmarshalling transaction= { TypeNotFoundException: Namespace is not defined for type network.om.contract.ProposeContractEvent
    at ModelManager.getType (/usr/local/lib/node_modules/composer-rest-server/node_modules/composer-common/lib/modelmanager.js:378:19)
    at Serializer.fromJSON (/usr/local/lib/node_modules/composer-rest-server/node_modules/composer-common/lib/serializer.js:143:52)
    at events.forEach (/usr/local/lib/node_modules/composer-rest-server/node_modules/composer-client/lib/businessnetworkconnection.js:479:89)
    at Array.forEach (native)
    at HLFConnection.connection.on (/usr/local/lib/node_modules/composer-rest-server/node_modules/composer-client/lib/businessnetworkconnection.js:478:28)
    at emitOne (events.js:96:13)
    at HLFConnection.emit (events.js:188:7)
    at ccEvent.eventHubs.(anonymous function).registerChaincodeEvent [as onEvent] (/usr/local/lib/node_modules/composer-rest-server/node_modules/composer-connector-hlfv1/lib/hlfconnection.js:234:22)
    at /usr/local/lib/node_modules/composer-rest-server/node_modules/fabric-client/lib/EventHub.js:810:12
    at Set.forEach (native)
    at _processChainCodeOnEvents (/usr/local/lib/node_modules/composer-rest-server/node_modules/fabric-client/lib/EventHub.js:808:14)
    at ClientDuplexStream.<anonymous> (/usr/local/lib/node_modules/composer-rest-server/node_modules/fabric-client/lib/EventHub.js:311:10)
    at emitOne (events.js:96:13)
    at ClientDuplexStream.emit (events.js:188:7)
    at readableAddChunk (_stream_readable.js:177:18)
    at ClientDuplexStream.Readable.push (_stream_readable.js:135:10)
  name: 'TypeNotFoundException',
  typeName: 'network.om.contract.ProposeContractEvent' } {}$
