0 info it worked if it ends with ok
1 verbose cli [ '/usr/local/bin/node', '/usr/local/bin/npm', 'install', 'pcap' ]
2 info using npm@4.1.2
3 info using node@v6.3.1
4 silly loadCurrentTree Starting
5 silly install loadCurrentTree
6 silly install readLocalPackageData
7 silly fetchPackageMetaData pcap
8 silly fetchNamedPackageData pcap
9 silly mapToRegistry name pcap
10 silly mapToRegistry using default registry
11 silly mapToRegistry registry https://registry.npmjs.org/
12 silly mapToRegistry data Result {
12 silly mapToRegistry   raw: 'pcap',
12 silly mapToRegistry   scope: null,
12 silly mapToRegistry   escapedName: 'pcap',
12 silly mapToRegistry   name: 'pcap',
12 silly mapToRegistry   rawSpec: '',
12 silly mapToRegistry   spec: 'latest',
12 silly mapToRegistry   type: 'tag' }
13 silly mapToRegistry uri https://registry.npmjs.org/pcap
14 verbose request uri https://registry.npmjs.org/pcap
15 verbose request no auth needed
16 info attempt registry request try #1 at 5:35:25 PM
17 verbose request id 689e152bce1e7b17
18 verbose etag "59ed6b9b-a6bf"
19 verbose lastModified Mon, 23 Oct 2017 4:10:03 GMT
20 http request GET https://registry.npmjs.org/pcap
21 http 304 https://registry.npmjs.org/pcap
22 verbose headers { date: 'Sun, 01 Apr 2018 00:35:25 GMT',
22 verbose headers   via: '1.1 varnish',
22 verbose headers   'cache-control': 'max-age=300',
22 verbose headers   etag: '"59ed6b9b-a6bf"',
22 verbose headers   age: '1278',
22 verbose headers   connection: 'keep-alive',
22 verbose headers   'x-served-by': 'cache-sea1038-SEA',
22 verbose headers   'x-cache': 'HIT',
22 verbose headers   'x-cache-hits': '1',
22 verbose headers   'x-timer': 'S1522542925.385949,VS0,VE1',
22 verbose headers   vary: 'Accept-Encoding, Accept' }
23 silly get cb [ 304,
23 silly get   { date: 'Sun, 01 Apr 2018 00:35:25 GMT',
23 silly get     via: '1.1 varnish',
23 silly get     'cache-control': 'max-age=300',
23 silly get     etag: '"59ed6b9b-a6bf"',
23 silly get     age: '1278',
23 silly get     connection: 'keep-alive',
23 silly get     'x-served-by': 'cache-sea1038-SEA',
23 silly get     'x-cache': 'HIT',
23 silly get     'x-cache-hits': '1',
23 silly get     'x-timer': 'S1522542925.385949,VS0,VE1',
23 silly get     vary: 'Accept-Encoding, Accept' } ]
24 verbose etag https://registry.npmjs.org/pcap from cache
25 verbose get saving pcap to /Users/thachp/.npm/registry.npmjs.org/pcap/.cache.json
26 verbose correctMkdir /Users/thachp/.npm correctMkdir not in flight; initializing
27 silly install normalizeTree
28 silly loadCurrentTree Finishing
29 silly loadIdealTree Starting
30 silly install loadIdealTree
31 silly cloneCurrentTree Starting
32 silly install cloneCurrentTreeToIdealTree
33 silly cloneCurrentTree Finishing
34 silly loadShrinkwrap Starting
35 silly install loadShrinkwrap
36 silly loadShrinkwrap Finishing
37 silly loadAllDepsIntoIdealTree Starting
38 silly install loadAllDepsIntoIdealTree
39 silly resolveWithNewModule pcap@2.0.1 checking installable status
40 silly cache add args [ 'pcap', null ]
41 verbose cache add spec pcap
42 silly cache add parsed spec Result {
42 silly cache add   raw: 'pcap',
42 silly cache add   scope: null,
42 silly cache add   escapedName: 'pcap',
42 silly cache add   name: 'pcap',
42 silly cache add   rawSpec: '',
42 silly cache add   spec: 'latest',
42 silly cache add   type: 'tag' }
43 silly addNamed pcap@latest
44 verbose addNamed "latest" is being treated as a dist-tag for pcap
45 info addNameTag [ 'pcap', 'latest' ]
46 silly mapToRegistry name pcap
47 silly mapToRegistry using default registry
48 silly mapToRegistry registry https://registry.npmjs.org/
49 silly mapToRegistry data Result {
49 silly mapToRegistry   raw: 'pcap',
49 silly mapToRegistry   scope: null,
49 silly mapToRegistry   escapedName: 'pcap',
49 silly mapToRegistry   name: 'pcap',
49 silly mapToRegistry   rawSpec: '',
49 silly mapToRegistry   spec: 'latest',
49 silly mapToRegistry   type: 'tag' }
50 silly mapToRegistry uri https://registry.npmjs.org/pcap
51 verbose addNameTag registry:https://registry.npmjs.org/pcap not in flight; fetching
52 verbose get https://registry.npmjs.org/pcap not expired, no request
53 silly addNameTag next cb for pcap with tag latest
54 silly addNamed pcap@2.0.1
55 verbose addNamed "2.0.1" is a plain semver version for pcap
56 silly cache afterAdd pcap@2.0.1
57 verbose afterAdd /Users/thachp/.npm/pcap/2.0.1/package/package.json not in flight; writing
58 verbose correctMkdir /Users/thachp/.npm correctMkdir not in flight; initializing
59 verbose afterAdd /Users/thachp/.npm/pcap/2.0.1/package/package.json written
60 silly fetchOtherPackageData socketwatcher@git://github.com/zerouid/node-socketwatcher.git
61 silly cache add args [ 'socketwatcher@git://github.com/zerouid/node-socketwatcher.git',
61 silly cache add   null ]
62 verbose cache add spec socketwatcher@git://github.com/zerouid/node-socketwatcher.git
63 silly cache add parsed spec Result {
63 silly cache add   raw: 'socketwatcher@git://github.com/zerouid/node-socketwatcher.git',
63 silly cache add   scope: null,
63 silly cache add   escapedName: 'socketwatcher',
63 silly cache add   name: 'socketwatcher',
63 silly cache add   rawSpec: 'git://github.com/zerouid/node-socketwatcher.git',
63 silly cache add   spec: 'git://github.com/zerouid/node-socketwatcher.git',
63 silly cache add   type: 'hosted',
63 silly cache add   hosted:
63 silly cache add    { type: 'github',
63 silly cache add      ssh: 'git@github.com:zerouid/node-socketwatcher.git',
63 silly cache add      sshUrl: 'git+ssh://git@github.com/zerouid/node-socketwatcher.git',
63 silly cache add      httpsUrl: 'git+https://github.com/zerouid/node-socketwatcher.git',
63 silly cache add      gitUrl: 'git://github.com/zerouid/node-socketwatcher.git',
63 silly cache add      shortcut: 'github:zerouid/node-socketwatcher',
63 silly cache add      directUrl: 'https://raw.githubusercontent.com/zerouid/node-socketwatcher/master/package.json' } }
64 verbose addRemoteGit caching git://github.com/zerouid/node-socketwatcher.git
65 verbose addRemoteGit git://github.com/zerouid/node-socketwatcher.git is a repository hosted by github
66 silly tryClone cloning git://github.com/zerouid/node-socketwatcher.git via git://github.com/zerouid/node-socketwatcher.git
67 verbose tryClone git-github-com-zerouid-node-socketwatcher-git-0fe8b101 not in flight; caching
68 verbose correctMkdir /Users/thachp/.npm/_git-remotes correctMkdir not in flight; initializing
69 info git [ 'config', '--get', 'remote.origin.url' ]
70 silly validateExistingRemote git://github.com/zerouid/node-socketwatcher.git remote.origin.url: git://github.com/zerouid/node-socketwatcher.git
71 verbose validateExistingRemote git://github.com/zerouid/node-socketwatcher.git is updating existing cached remote /Users/thachp/.npm/_git-remotes/git-github-com-zerouid-node-socketwatcher-git-0fe8b101
72 info git [ 'fetch', '-a', 'origin' ]
73 verbose updateRemote git fetch -a origin (git://github.com/zerouid/node-socketwatcher.git)
74 verbose correctMkdir /Users/thachp/.npm/_git-remotes correctMkdir not in flight; initializing
75 verbose setPermissions git://github.com/zerouid/node-socketwatcher.git set permissions on /Users/thachp/.npm/_git-remotes/git-github-com-zerouid-node-socketwatcher-git-0fe8b101
76 verbose resolveHead git://github.com/zerouid/node-socketwatcher.git original treeish: master
77 info git [ 'rev-list', '-n1', 'master' ]
78 silly resolveHead git://github.com/zerouid/node-socketwatcher.git resolved treeish: 9fdfdd2dda2518ee4bfc7ab1f3d4c65b702d5b9d
79 verbose resolveHead git://github.com/zerouid/node-socketwatcher.git resolved Git URL: git://github.com/zerouid/node-socketwatcher.git#9fdfdd2dda2518ee4bfc7ab1f3d4c65b702d5b9d
80 silly resolveHead Git working directory: /var/folders/hg/ljf8fhj55t73ldqqkhyl9g2r0000gn/T/npm-87420-e69a8c20/git-cache-da108f7b/9fdfdd2dda2518ee4bfc7ab1f3d4c65b702d5b9d
81 info git [ 'clone',
81 info git   '/Users/thachp/.npm/_git-remotes/git-github-com-zerouid-node-socketwatcher-git-0fe8b101',
81 info git   '/var/folders/hg/ljf8fhj55t73ldqqkhyl9g2r0000gn/T/npm-87420-e69a8c20/git-cache-da108f7b/9fdfdd2dda2518ee4bfc7ab1f3d4c65b702d5b9d' ]
82 verbose cloneResolved git://github.com/zerouid/node-socketwatcher.git clone Cloning into '/var/folders/hg/ljf8fhj55t73ldqqkhyl9g2r0000gn/T/npm-87420-e69a8c20/git-cache-da108f7b/9fdfdd2dda2518ee4bfc7ab1f3d4c65b702d5b9d'...
82 verbose cloneResolved done.
83 info git [ 'checkout', '9fdfdd2dda2518ee4bfc7ab1f3d4c65b702d5b9d' ]
84 verbose checkoutTreeish git://github.com/zerouid/node-socketwatcher.git checkout Note: checking out '9fdfdd2dda2518ee4bfc7ab1f3d4c65b702d5b9d'.
84 verbose checkoutTreeish
84 verbose checkoutTreeish You are in 'detached HEAD' state. You can look around, make experimental
84 verbose checkoutTreeish changes and commit them, and you can discard any commits you make in this
84 verbose checkoutTreeish state without impacting any branches by performing another checkout.
84 verbose checkoutTreeish
84 verbose checkoutTreeish If you want to create a new branch to retain commits you create, you may
84 verbose checkoutTreeish do so (now or later) by using -b with the checkout command again. Example:
84 verbose checkoutTreeish
84 verbose checkoutTreeish   git checkout -b <new-branch-name>
84 verbose checkoutTreeish
84 verbose checkoutTreeish HEAD is now at 9fdfdd2... NaN 1.7.0
85 info git [ 'submodule', '-q', 'update', '--init', '--recursive' ]
86 verbose updateSubmodules git://github.com/zerouid/node-socketwatcher.git submodule update
87 verbose addLocalDirectory /Users/thachp/.npm/socketwatcher/0.2.1/package.tgz not in flight; packing
88 verbose correctMkdir /Users/thachp/.npm correctMkdir not in flight; initializing
89 verbose tar pack [ '/Users/thachp/.npm/socketwatcher/0.2.1/package.tgz',
89 verbose tar pack   '/var/folders/hg/ljf8fhj55t73ldqqkhyl9g2r0000gn/T/npm-87420-e69a8c20/git-cache-da108f7b/9fdfdd2dda2518ee4bfc7ab1f3d4c65b702d5b9d' ]
90 verbose tarball /Users/thachp/.npm/socketwatcher/0.2.1/package.tgz
91 verbose folder /var/folders/hg/ljf8fhj55t73ldqqkhyl9g2r0000gn/T/npm-87420-e69a8c20/git-cache-da108f7b/9fdfdd2dda2518ee4bfc7ab1f3d4c65b702d5b9d
92 verbose addLocalTarball adding from inside cache /Users/thachp/.npm/socketwatcher/0.2.1/package.tgz
93 verbose correctMkdir /Users/thachp/.npm correctMkdir not in flight; initializing
94 verbose addRemoteGit data._from: git://github.com/zerouid/node-socketwatcher.git
95 verbose addRemoteGit data._resolved: git://github.com/zerouid/node-socketwatcher.git#9fdfdd2dda2518ee4bfc7ab1f3d4c65b702d5b9d
96 silly cache afterAdd socketwatcher@0.2.1
97 verbose afterAdd /Users/thachp/.npm/socketwatcher/0.2.1/package/package.json not in flight; writing
98 verbose correctMkdir /Users/thachp/.npm correctMkdir not in flight; initializing
99 verbose afterAdd /Users/thachp/.npm/socketwatcher/0.2.1/package/package.json written
100 silly resolveWithNewModule socketwatcher@0.2.1 checking installable status
101 silly fetchNamedPackageData nan
102 silly mapToRegistry name nan
103 silly mapToRegistry using default registry
104 silly mapToRegistry registry https://registry.npmjs.org/
105 silly mapToRegistry data Result {
105 silly mapToRegistry   raw: 'nan',
105 silly mapToRegistry   scope: null,
105 silly mapToRegistry   escapedName: 'nan',
105 silly mapToRegistry   name: 'nan',
105 silly mapToRegistry   rawSpec: '',
105 silly mapToRegistry   spec: 'latest',
105 silly mapToRegistry   type: 'tag' }
106 silly mapToRegistry uri https://registry.npmjs.org/nan
107 verbose request uri https://registry.npmjs.org/nan
108 verbose request no auth needed
109 info attempt registry request try #1 at 5:35:26 PM
110 verbose etag "5aabecc7-229f2"
111 verbose lastModified Fri, 16 Mar 2018 16:11:51 GMT
112 http request GET https://registry.npmjs.org/nan
113 http 304 https://registry.npmjs.org/nan
114 verbose headers { date: 'Sun, 01 Apr 2018 00:35:26 GMT',
114 verbose headers   via: '1.1 varnish',
114 verbose headers   'cache-control': 'max-age=300',
114 verbose headers   etag: '"5aabecc7-229f2"',
114 verbose headers   age: '147',
114 verbose headers   connection: 'keep-alive',
114 verbose headers   'x-served-by': 'cache-sea1038-SEA',
114 verbose headers   'x-cache': 'HIT',
114 verbose headers   'x-cache-hits': '7',
114 verbose headers   'x-timer': 'S1522542926.282112,VS0,VE0',
114 verbose headers   vary: 'Accept-Encoding, Accept' }
115 silly get cb [ 304,
115 silly get   { date: 'Sun, 01 Apr 2018 00:35:26 GMT',
115 silly get     via: '1.1 varnish',
115 silly get     'cache-control': 'max-age=300',
115 silly get     etag: '"5aabecc7-229f2"',
115 silly get     age: '147',
115 silly get     connection: 'keep-alive',
115 silly get     'x-served-by': 'cache-sea1038-SEA',
115 silly get     'x-cache': 'HIT',
115 silly get     'x-cache-hits': '7',
115 silly get     'x-timer': 'S1522542926.282112,VS0,VE0',
115 silly get     vary: 'Accept-Encoding, Accept' } ]
116 verbose etag https://registry.npmjs.org/nan from cache
117 verbose get saving nan to /Users/thachp/.npm/registry.npmjs.org/nan/.cache.json
118 verbose correctMkdir /Users/thachp/.npm correctMkdir not in flight; initializing
119 silly pickManifestFromRegistryMetadata spec >=1.7.0 <1.8.0 tag latest versions [ '0.3.0-wip',
119 silly pickManifestFromRegistryMetadata   '0.3.0-wip2',
119 silly pickManifestFromRegistryMetadata   '0.3.0',
119 silly pickManifestFromRegistryMetadata   '0.3.1',
119 silly pickManifestFromRegistryMetadata   '0.3.2',
119 silly pickManifestFromRegistryMetadata   '0.4.0',
119 silly pickManifestFromRegistryMetadata   '0.4.1',
119 silly pickManifestFromRegistryMetadata   '0.4.2',
119 silly pickManifestFromRegistryMetadata   '0.4.3',
119 silly pickManifestFromRegistryMetadata   '0.4.4',
119 silly pickManifestFromRegistryMetadata   '0.5.0',
119 silly pickManifestFromRegistryMetadata   '0.5.1',
119 silly pickManifestFromRegistryMetadata   '0.5.2',
119 silly pickManifestFromRegistryMetadata   '0.6.0',
119 silly pickManifestFromRegistryMetadata   '0.7.0',
119 silly pickManifestFromRegistryMetadata   '0.7.1',
119 silly pickManifestFromRegistryMetadata   '0.8.0',
119 silly pickManifestFromRegistryMetadata   '1.0.0',
119 silly pickManifestFromRegistryMetadata   '1.1.0',
119 silly pickManifestFromRegistryMetadata   '1.1.1',
119 silly pickManifestFromRegistryMetadata   '1.1.2',
119 silly pickManifestFromRegistryMetadata   '1.2.0',
119 silly pickManifestFromRegistryMetadata   '1.3.0',
119 silly pickManifestFromRegistryMetadata   '1.4.0',
119 silly pickManifestFromRegistryMetadata   '1.4.1',
119 silly pickManifestFromRegistryMetadata   '1.5.0',
119 silly pickManifestFromRegistryMetadata   '1.4.2',
119 silly pickManifestFromRegistryMetadata   '1.4.3',
119 silly pickManifestFromRegistryMetadata   '1.5.1',
119 silly pickManifestFromRegistryMetadata   '1.5.2',
119 silly pickManifestFromRegistryMetadata   '1.6.0',
119 silly pickManifestFromRegistryMetadata   '1.5.3',
119 silly pickManifestFromRegistryMetadata   '1.6.1',
119 silly pickManifestFromRegistryMetadata   '1.6.2',
119 silly pickManifestFromRegistryMetadata   '1.7.0',
119 silly pickManifestFromRegistryMetadata   '1.8.0',
119 silly pickManifestFromRegistryMetadata   '1.8.1',
119 silly pickManifestFromRegistryMetadata   '1.8.2',
119 silly pickManifestFromRegistryMetadata   '1.8.3',
119 silly pickManifestFromRegistryMetadata   '1.8.4',
119 silly pickManifestFromRegistryMetadata   '1.9.0',
119 silly pickManifestFromRegistryMetadata   '2.0.0',
119 silly pickManifestFromRegistryMetadata   '2.0.1',
119 silly pickManifestFromRegistryMetadata   '2.0.2',
119 silly pickManifestFromRegistryMetadata   '2.0.3',
119 silly pickManifestFromRegistryMetadata   '2.0.4',
119 silly pickManifestFromRegistryMetadata   '2.0.5',
119 silly pickManifestFromRegistryMetadata   '2.0.6',
119 silly pickManifestFromRegistryMetadata   '2.0.7',
119 silly pickManifestFromRegistryMetadata   '2.0.8',
119 silly pickManifestFromRegistryMetadata   '2.0.9',
119 silly pickManifestFromRegistryMetadata   '2.1.0',
119 silly pickManifestFromRegistryMetadata   '2.2.0',
119 silly pickManifestFromRegistryMetadata   '2.2.1',
119 silly pickManifestFromRegistryMetadata   '2.3.0',
119 silly pickManifestFromRegistryMetadata   '2.3.1',
119 silly pickManifestFromRegistryMetadata   '2.3.2',
119 silly pickManifestFromRegistryMetadata   '2.3.3',
119 silly pickManifestFromRegistryMetadata   '2.3.4',
119 silly pickManifestFromRegistryMetadata   '2.3.5',
119 silly pickManifestFromRegistryMetadata   '2.4.0',
119 silly pickManifestFromRegistryMetadata   '2.5.0',
119 silly pickManifestFromRegistryMetadata   '2.5.1',
119 silly pickManifestFromRegistryMetadata   '2.6.0',
119 silly pickManifestFromRegistryMetadata   '2.6.1',
119 silly pickManifestFromRegistryMetadata   '2.6.2',
119 silly pickManifestFromRegistryMetadata   '2.7.0',
119 silly pickManifestFromRegistryMetadata   '2.8.0',
119 silly pickManifestFromRegistryMetadata   '2.9.1',
119 silly pickManifestFromRegistryMetadata   '2.9.2',
119 silly pickManifestFromRegistryMetadata   '2.10.0' ]
120 silly resolveWithNewModule nan@1.7.0 checking installable status
121 silly cache add args [ 'nan@~1.7.0', null ]
122 verbose cache add spec nan@~1.7.0
123 silly cache add parsed spec Result {
123 silly cache add   raw: 'nan@~1.7.0',
123 silly cache add   scope: null,
123 silly cache add   escapedName: 'nan',
123 silly cache add   name: 'nan',
123 silly cache add   rawSpec: '~1.7.0',
123 silly cache add   spec: '>=1.7.0 <1.8.0',
123 silly cache add   type: 'range' }
124 silly addNamed nan@>=1.7.0 <1.8.0
125 verbose addNamed ">=1.7.0 <1.8.0" is a valid semver range for nan
126 silly addNameRange { name: 'nan', range: '>=1.7.0 <1.8.0', hasData: false }
127 silly mapToRegistry name nan
128 silly mapToRegistry using default registry
129 silly mapToRegistry registry https://registry.npmjs.org/
130 silly mapToRegistry data Result {
130 silly mapToRegistry   raw: 'nan',
130 silly mapToRegistry   scope: null,
130 silly mapToRegistry   escapedName: 'nan',
130 silly mapToRegistry   name: 'nan',
130 silly mapToRegistry   rawSpec: '',
130 silly mapToRegistry   spec: 'latest',
130 silly mapToRegistry   type: 'tag' }
131 silly mapToRegistry uri https://registry.npmjs.org/nan
132 verbose addNameRange registry:https://registry.npmjs.org/nan not in flight; fetching
133 verbose get https://registry.npmjs.org/nan not expired, no request
134 silly addNameRange number 2 { name: 'nan', range: '>=1.7.0 <1.8.0', hasData: true }
135 silly addNameRange versions [ 'nan',
135 silly addNameRange   [ '0.3.0-wip',
135 silly addNameRange     '0.3.0-wip2',
135 silly addNameRange     '0.3.0',
135 silly addNameRange     '0.3.1',
135 silly addNameRange     '0.3.2',
135 silly addNameRange     '0.4.0',
135 silly addNameRange     '0.4.1',
135 silly addNameRange     '0.4.2',
135 silly addNameRange     '0.4.3',
135 silly addNameRange     '0.4.4',
135 silly addNameRange     '0.5.0',
135 silly addNameRange     '0.5.1',
135 silly addNameRange     '0.5.2',
135 silly addNameRange     '0.6.0',
135 silly addNameRange     '0.7.0',
135 silly addNameRange     '0.7.1',
135 silly addNameRange     '0.8.0',
135 silly addNameRange     '1.0.0',
135 silly addNameRange     '1.1.0',
135 silly addNameRange     '1.1.1',
135 silly addNameRange     '1.1.2',
135 silly addNameRange     '1.2.0',
135 silly addNameRange     '1.3.0',
135 silly addNameRange     '1.4.0',
135 silly addNameRange     '1.4.1',
135 silly addNameRange     '1.5.0',
135 silly addNameRange     '1.4.2',
135 silly addNameRange     '1.4.3',
135 silly addNameRange     '1.5.1',
135 silly addNameRange     '1.5.2',
135 silly addNameRange     '1.6.0',
135 silly addNameRange     '1.5.3',
135 silly addNameRange     '1.6.1',
135 silly addNameRange     '1.6.2',
135 silly addNameRange     '1.7.0',
135 silly addNameRange     '1.8.0',
135 silly addNameRange     '1.8.1',
135 silly addNameRange     '1.8.2',
135 silly addNameRange     '1.8.3',
135 silly addNameRange     '1.8.4',
135 silly addNameRange     '1.9.0',
135 silly addNameRange     '2.0.0',
135 silly addNameRange     '2.0.1',
135 silly addNameRange     '2.0.2',
135 silly addNameRange     '2.0.3',
135 silly addNameRange     '2.0.4',
135 silly addNameRange     '2.0.5',
135 silly addNameRange     '2.0.6',
135 silly addNameRange     '2.0.7',
135 silly addNameRange     '2.0.8',
135 silly addNameRange     '2.0.9',
135 silly addNameRange     '2.1.0',
135 silly addNameRange     '2.2.0',
135 silly addNameRange     '2.2.1',
135 silly addNameRange     '2.3.0',
135 silly addNameRange     '2.3.1',
135 silly addNameRange     '2.3.2',
135 silly addNameRange     '2.3.3',
135 silly addNameRange     '2.3.4',
135 silly addNameRange     '2.3.5',
135 silly addNameRange     '2.4.0',
135 silly addNameRange     '2.5.0',
135 silly addNameRange     '2.5.1',
135 silly addNameRange     '2.6.0',
135 silly addNameRange     '2.6.1',
135 silly addNameRange     '2.6.2',
135 silly addNameRange     '2.7.0',
135 silly addNameRange     '2.8.0',
135 silly addNameRange     '2.9.1',
135 silly addNameRange     '2.9.2',
135 silly addNameRange     '2.10.0' ] ]
136 silly pickManifestFromRegistryMetadata spec >=1.7.0 <1.8.0 tag latest versions [ '0.3.0-wip',
136 silly pickManifestFromRegistryMetadata   '0.3.0-wip2',
136 silly pickManifestFromRegistryMetadata   '0.3.0',
136 silly pickManifestFromRegistryMetadata   '0.3.1',
136 silly pickManifestFromRegistryMetadata   '0.3.2',
136 silly pickManifestFromRegistryMetadata   '0.4.0',
136 silly pickManifestFromRegistryMetadata   '0.4.1',
136 silly pickManifestFromRegistryMetadata   '0.4.2',
136 silly pickManifestFromRegistryMetadata   '0.4.3',
136 silly pickManifestFromRegistryMetadata   '0.4.4',
136 silly pickManifestFromRegistryMetadata   '0.5.0',
136 silly pickManifestFromRegistryMetadata   '0.5.1',
136 silly pickManifestFromRegistryMetadata   '0.5.2',
136 silly pickManifestFromRegistryMetadata   '0.6.0',
136 silly pickManifestFromRegistryMetadata   '0.7.0',
136 silly pickManifestFromRegistryMetadata   '0.7.1',
136 silly pickManifestFromRegistryMetadata   '0.8.0',
136 silly pickManifestFromRegistryMetadata   '1.0.0',
136 silly pickManifestFromRegistryMetadata   '1.1.0',
136 silly pickManifestFromRegistryMetadata   '1.1.1',
136 silly pickManifestFromRegistryMetadata   '1.1.2',
136 silly pickManifestFromRegistryMetadata   '1.2.0',
136 silly pickManifestFromRegistryMetadata   '1.3.0',
136 silly pickManifestFromRegistryMetadata   '1.4.0',
136 silly pickManifestFromRegistryMetadata   '1.4.1',
136 silly pickManifestFromRegistryMetadata   '1.5.0',
136 silly pickManifestFromRegistryMetadata   '1.4.2',
136 silly pickManifestFromRegistryMetadata   '1.4.3',
136 silly pickManifestFromRegistryMetadata   '1.5.1',
136 silly pickManifestFromRegistryMetadata   '1.5.2',
136 silly pickManifestFromRegistryMetadata   '1.6.0',
136 silly pickManifestFromRegistryMetadata   '1.5.3',
136 silly pickManifestFromRegistryMetadata   '1.6.1',
136 silly pickManifestFromRegistryMetadata   '1.6.2',
136 silly pickManifestFromRegistryMetadata   '1.7.0',
136 silly pickManifestFromRegistryMetadata   '1.8.0',
136 silly pickManifestFromRegistryMetadata   '1.8.1',
136 silly pickManifestFromRegistryMetadata   '1.8.2',
136 silly pickManifestFromRegistryMetadata   '1.8.3',
136 silly pickManifestFromRegistryMetadata   '1.8.4',
136 silly pickManifestFromRegistryMetadata   '1.9.0',
136 silly pickManifestFromRegistryMetadata   '2.0.0',
136 silly pickManifestFromRegistryMetadata   '2.0.1',
136 silly pickManifestFromRegistryMetadata   '2.0.2',
136 silly pickManifestFromRegistryMetadata   '2.0.3',
136 silly pickManifestFromRegistryMetadata   '2.0.4',
136 silly pickManifestFromRegistryMetadata   '2.0.5',
136 silly pickManifestFromRegistryMetadata   '2.0.6',
136 silly pickManifestFromRegistryMetadata   '2.0.7',
136 silly pickManifestFromRegistryMetadata   '2.0.8',
136 silly pickManifestFromRegistryMetadata   '2.0.9',
136 silly pickManifestFromRegistryMetadata   '2.1.0',
136 silly pickManifestFromRegistryMetadata   '2.2.0',
136 silly pickManifestFromRegistryMetadata   '2.2.1',
136 silly pickManifestFromRegistryMetadata   '2.3.0',
136 silly pickManifestFromRegistryMetadata   '2.3.1',
136 silly pickManifestFromRegistryMetadata   '2.3.2',
136 silly pickManifestFromRegistryMetadata   '2.3.3',
136 silly pickManifestFromRegistryMetadata   '2.3.4',
136 silly pickManifestFromRegistryMetadata   '2.3.5',
136 silly pickManifestFromRegistryMetadata   '2.4.0',
136 silly pickManifestFromRegistryMetadata   '2.5.0',
136 silly pickManifestFromRegistryMetadata   '2.5.1',
136 silly pickManifestFromRegistryMetadata   '2.6.0',
136 silly pickManifestFromRegistryMetadata   '2.6.1',
136 silly pickManifestFromRegistryMetadata   '2.6.2',
136 silly pickManifestFromRegistryMetadata   '2.7.0',
136 silly pickManifestFromRegistryMetadata   '2.8.0',
136 silly pickManifestFromRegistryMetadata   '2.9.1',
136 silly pickManifestFromRegistryMetadata   '2.9.2',
136 silly pickManifestFromRegistryMetadata   '2.10.0' ]
137 silly addNamed nan@1.7.0
138 verbose addNamed "1.7.0" is a plain semver version for nan
139 silly cache afterAdd nan@1.7.0
140 verbose afterAdd /Users/thachp/.npm/nan/1.7.0/package/package.json not in flight; writing
141 verbose correctMkdir /Users/thachp/.npm correctMkdir not in flight; initializing
142 verbose afterAdd /Users/thachp/.npm/nan/1.7.0/package/package.json written
143 silly loadAllDepsIntoIdealTree Finishing
144 silly loadIdealTree Finishing
145 silly currentTree om-network@0.0.1
145 silly currentTree └── nan@1.6.2
146 silly idealTree om-network@0.0.1
146 silly idealTree ├── nan@1.6.2
146 silly idealTree ├── pcap@2.0.1
146 silly idealTree └─┬ socketwatcher@0.2.1
146 silly idealTree   └── nan@1.7.0
147 silly generateActionsToTake Starting
148 silly install generateActionsToTake
149 silly generateActionsToTake Finishing
150 silly diffTrees action count 3
151 silly diffTrees add nan@1.7.0
152 silly diffTrees add socketwatcher@0.2.1
153 silly diffTrees add pcap@2.0.1
154 silly decomposeActions action count 24
155 silly decomposeActions fetch nan@1.7.0
156 silly decomposeActions extract nan@1.7.0
157 silly decomposeActions test nan@1.7.0
158 silly decomposeActions preinstall nan@1.7.0
159 silly decomposeActions build nan@1.7.0
160 silly decomposeActions install nan@1.7.0
161 silly decomposeActions postinstall nan@1.7.0
162 silly decomposeActions finalize nan@1.7.0
163 silly decomposeActions fetch socketwatcher@0.2.1
164 silly decomposeActions extract socketwatcher@0.2.1
165 silly decomposeActions test socketwatcher@0.2.1
166 silly decomposeActions preinstall socketwatcher@0.2.1
167 silly decomposeActions build socketwatcher@0.2.1
168 silly decomposeActions install socketwatcher@0.2.1
169 silly decomposeActions postinstall socketwatcher@0.2.1
170 silly decomposeActions finalize socketwatcher@0.2.1
171 silly decomposeActions fetch pcap@2.0.1
172 silly decomposeActions extract pcap@2.0.1
173 silly decomposeActions test pcap@2.0.1
174 silly decomposeActions preinstall pcap@2.0.1
175 silly decomposeActions build pcap@2.0.1
176 silly decomposeActions install pcap@2.0.1
177 silly decomposeActions postinstall pcap@2.0.1
178 silly decomposeActions finalize pcap@2.0.1
179 silly runTopLevelLifecycles Starting
180 silly executeActions Starting
181 silly install executeActions
182 silly doSerial global-install 0
183 silly doParallel fetch 3
184 verbose correctMkdir /Users/thachp/.npm/_locks correctMkdir not in flight; initializing
185 verbose lock using /Users/thachp/.npm/_locks/staging-c6d649bb9878044d.lock for /Users/thachp/Desktop/om-network/node_modules/.staging
186 silly doParallel extract 3
187 silly extract nan@1.7.0
188 silly extract socketwatcher@0.2.1
189 silly extract pcap@2.0.1
190 verbose unbuild node_modules/.staging/nan-f09cf920
191 verbose unbuild node_modules/.staging/socketwatcher-26596ea5
192 verbose unbuild node_modules/.staging/pcap-c5b01a71
193 silly gentlyRm /Users/thachp/Desktop/om-network/node_modules/.staging/nan-f09cf920 is being purged from base /Users/thachp/Desktop/om-network
194 verbose gentlyRm don't care about contents; nuking /Users/thachp/Desktop/om-network/node_modules/.staging/nan-f09cf920
195 silly gentlyRm /Users/thachp/Desktop/om-network/node_modules/.staging/socketwatcher-26596ea5 is being purged from base /Users/thachp/Desktop/om-network
196 verbose gentlyRm don't care about contents; nuking /Users/thachp/Desktop/om-network/node_modules/.staging/socketwatcher-26596ea5
197 silly gentlyRm /Users/thachp/Desktop/om-network/node_modules/.staging/pcap-c5b01a71 is being purged from base /Users/thachp/Desktop/om-network
198 verbose gentlyRm don't care about contents; nuking /Users/thachp/Desktop/om-network/node_modules/.staging/pcap-c5b01a71
199 verbose tar unpack /Users/thachp/.npm/nan/1.7.0/package.tgz
200 verbose tar unpacking to /Users/thachp/Desktop/om-network/node_modules/.staging/nan-f09cf920
201 silly gentlyRm /Users/thachp/Desktop/om-network/node_modules/.staging/nan-f09cf920 is being purged
202 verbose gentlyRm don't care about contents; nuking /Users/thachp/Desktop/om-network/node_modules/.staging/nan-f09cf920
203 verbose tar unpack /Users/thachp/.npm/socketwatcher/0.2.1/package.tgz
204 verbose tar unpacking to /Users/thachp/Desktop/om-network/node_modules/.staging/socketwatcher-26596ea5
205 silly gentlyRm /Users/thachp/Desktop/om-network/node_modules/.staging/socketwatcher-26596ea5 is being purged
206 verbose gentlyRm don't care about contents; nuking /Users/thachp/Desktop/om-network/node_modules/.staging/socketwatcher-26596ea5
207 verbose tar unpack /Users/thachp/.npm/pcap/2.0.1/package.tgz
208 verbose tar unpacking to /Users/thachp/Desktop/om-network/node_modules/.staging/pcap-c5b01a71
209 silly gentlyRm /Users/thachp/Desktop/om-network/node_modules/.staging/pcap-c5b01a71 is being purged
210 verbose gentlyRm don't care about contents; nuking /Users/thachp/Desktop/om-network/node_modules/.staging/pcap-c5b01a71
211 silly gunzTarPerm modes [ '755', '644' ]
212 silly gunzTarPerm modes [ '755', '644' ]
213 silly gunzTarPerm modes [ '755', '644' ]
214 silly gunzTarPerm extractEntry package.json
215 silly gunzTarPerm modified mode [ 'package.json', 436, 420 ]
216 silly gunzTarPerm extractEntry package.json
217 silly gunzTarPerm extractEntry package.json
218 silly gunzTarPerm extractEntry include_dirs.js
219 silly gunzTarPerm modified mode [ 'include_dirs.js', 436, 420 ]
220 silly gunzTarPerm extractEntry LICENSE.md
221 silly gunzTarPerm modified mode [ 'LICENSE.md', 436, 420 ]
222 silly gunzTarPerm extractEntry .npmignore
223 silly gunzTarPerm extractEntry README.md
224 silly gunzTarPerm extractEntry .npmignore
225 silly gunzTarPerm extractEntry README.md
226 silly gunzTarPerm extractEntry util.js
227 silly gunzTarPerm extractEntry .dntrc
228 silly gunzTarPerm modified mode [ '.dntrc', 436, 420 ]
229 silly gunzTarPerm extractEntry appveyor.yml
230 silly gunzTarPerm modified mode [ 'appveyor.yml', 436, 420 ]
231 silly gunzTarPerm extractEntry LICENSE
232 silly gunzTarPerm extractEntry binding.gyp
233 silly gunzTarPerm extractEntry dns_cache.js
234 silly gunzTarPerm extractEntry pcap.js
235 silly gunzTarPerm extractEntry tcp_tracker.js
236 silly gunzTarPerm extractEntry nan.h
237 silly gunzTarPerm modified mode [ 'nan.h', 436, 420 ]
238 silly gunzTarPerm extractEntry nan_implementation_12_inl.h
239 silly gunzTarPerm modified mode [ 'nan_implementation_12_inl.h', 436, 420 ]
240 silly gunzTarPerm extractEntry nan_implementation_pre_12_inl.h
241 silly gunzTarPerm modified mode [ 'nan_implementation_pre_12_inl.h', 436, 420 ]
242 silly gunzTarPerm extractEntry nan_new.h
243 silly gunzTarPerm modified mode [ 'nan_new.h', 436, 420 ]
244 silly gunzTarPerm extractEntry nan_string_bytes.h
245 silly gunzTarPerm modified mode [ 'nan_string_bytes.h', 436, 420 ]
246 silly gunzTarPerm extractEntry CHANGELOG.md
247 silly gunzTarPerm modified mode [ 'CHANGELOG.md', 436, 420 ]
248 silly gunzTarPerm extractEntry socket_watcher.cpp
249 silly gunzTarPerm extractEntry socket_watcher.hpp
250 silly gunzTarPerm extractEntry test.js
251 silly gunzTarPerm extractEntry wscript
252 silly gunzTarPerm extractEntry changelog.md
253 silly gunzTarPerm extractEntry decode/arp.js
254 silly gunzTarPerm extractEntry decode/ipv4_addr.js
255 silly gunzTarPerm extractEntry decode/ipv6.js
256 silly gunzTarPerm extractEntry decode/ipv6_addr.js
257 silly gunzTarPerm extractEntry decode/ipv4.js
258 silly gunzTarPerm extractEntry decode/null_packet.js
259 silly gunzTarPerm extractEntry decode/pcap_packet.js
260 silly gunzTarPerm extractEntry decode/radio_frame.js
261 silly gunzTarPerm extractEntry decode/radio_packet.js
262 silly gunzTarPerm extractEntry decode/raw_packet.js
263 silly gunzTarPerm extractEntry decode/index.js
264 silly gunzTarPerm extractEntry decode/sll_addr.js
265 silly gunzTarPerm extractEntry decode/igmp.js
266 silly gentlyRm /Users/thachp/Desktop/om-network/node_modules/.staging/socketwatcher-26596ea5/node_modules is being purged
267 verbose gentlyRm don't care about contents; nuking /Users/thachp/Desktop/om-network/node_modules/.staging/socketwatcher-26596ea5/node_modules
268 silly gunzTarPerm extractEntry decode/sll_packet.js
269 silly gunzTarPerm extractEntry decode/icmp.js
270 silly gunzTarPerm extractEntry decode/tcp.js
271 silly gunzTarPerm extractEntry decode/ethernet_packet.js
272 silly gunzTarPerm extractEntry decode/udp.js
273 silly gunzTarPerm extractEntry decode/ethernet_addr.js
274 silly gunzTarPerm extractEntry decode/vlan.js
275 silly gunzTarPerm extractEntry decode/dns.js
276 silly gentlyRm /Users/thachp/Desktop/om-network/node_modules/.staging/nan-f09cf920/node_modules is being purged
277 verbose gentlyRm don't care about contents; nuking /Users/thachp/Desktop/om-network/node_modules/.staging/nan-f09cf920/node_modules
278 silly gunzTarPerm extractEntry decode/websocket.js
279 silly gunzTarPerm extractEntry decode/llc_packet.js
280 silly gunzTarPerm extractEntry .jshintrc
281 silly gunzTarPerm extractEntry node_ko_article.md
282 silly gunzTarPerm extractEntry test.js~
283 silly gunzTarPerm extractEntry .jshintrc~
284 silly gunzTarPerm extractEntry pcap_binding.cc
285 silly gunzTarPerm extractEntry pcap_session.cc
286 silly gunzTarPerm extractEntry pcap_session.h
287 silly gunzTarPerm extractEntry binding.gyp
288 silly gunzTarPerm extractEntry examples/decode_bench.js
289 silly gunzTarPerm extractEntry examples/network_grep.js
290 silly gunzTarPerm extractEntry examples/jquery.min.js
291 silly gunzTarPerm extractEntry examples/jquery.flot.js
292 silly gunzTarPerm extractEntry examples/dns.js
293 silly gunzTarPerm extractEntry examples/inject.js
294 silly gunzTarPerm extractEntry examples/multiple_interfaces
295 silly gunzTarPerm extractEntry examples/favicon.ico
296 silly gunzTarPerm extractEntry examples/index.html
297 silly gunzTarPerm extractEntry examples/dns3.pcap
298 silly gunzTarPerm extractEntry examples/dns2.pcap
299 silly gunzTarPerm extractEntry examples/dns.pcap
300 silly gunzTarPerm extractEntry examples/http_trace
301 silly gunzTarPerm extractEntry examples/dns.js~
302 silly gunzTarPerm extractEntry examples/one.pcap
303 silly gunzTarPerm extractEntry examples/simple_capture
304 silly gunzTarPerm extractEntry examples/speed_server
305 silly gunzTarPerm extractEntry examples/tcp_metrics
306 silly gentlyRm /Users/thachp/Desktop/om-network/node_modules/.staging/pcap-c5b01a71/node_modules is being purged
307 verbose gentlyRm don't care about contents; nuking /Users/thachp/Desktop/om-network/node_modules/.staging/pcap-c5b01a71/node_modules
308 silly doParallel preinstall 3
309 silly preinstall nan@1.7.0
310 info lifecycle nan@1.7.0~preinstall: nan@1.7.0
311 silly preinstall socketwatcher@0.2.1
312 info lifecycle socketwatcher@0.2.1~preinstall: socketwatcher@0.2.1
313 silly preinstall pcap@2.0.1
314 info lifecycle pcap@2.0.1~preinstall: pcap@2.0.1
315 silly lifecycle nan@1.7.0~preinstall: no script for preinstall, continuing
316 silly lifecycle socketwatcher@0.2.1~preinstall: no script for preinstall, continuing
317 silly lifecycle pcap@2.0.1~preinstall: no script for preinstall, continuing
318 silly doReverseSerial remove 0
319 silly doSerial move 0
320 silly doSerial finalize 3
321 silly finalize /Users/thachp/Desktop/om-network/node_modules/socketwatcher/node_modules/nan
322 silly finalize /Users/thachp/Desktop/om-network/node_modules/socketwatcher
323 silly finalize /Users/thachp/Desktop/om-network/node_modules/pcap
324 silly doSerial build 3
325 silly build nan@1.7.0
326 info linkStuff nan@1.7.0
327 silly linkStuff nan@1.7.0 has /Users/thachp/Desktop/om-network/node_modules/socketwatcher/node_modules as its parent node_modules
328 verbose linkBins nan@1.7.0
329 verbose linkMans nan@1.7.0
330 silly build socketwatcher@0.2.1
331 info linkStuff socketwatcher@0.2.1
332 silly linkStuff socketwatcher@0.2.1 has /Users/thachp/Desktop/om-network/node_modules as its parent node_modules
333 verbose linkBins socketwatcher@0.2.1
334 verbose linkMans socketwatcher@0.2.1
335 silly build pcap@2.0.1
336 info linkStuff pcap@2.0.1
337 silly linkStuff pcap@2.0.1 has /Users/thachp/Desktop/om-network/node_modules as its parent node_modules
338 verbose linkBins pcap@2.0.1
339 verbose linkMans pcap@2.0.1
340 silly doSerial global-link 0
341 silly doParallel update-linked 0
342 silly doSerial install 3
343 silly install nan@1.7.0
344 info lifecycle nan@1.7.0~install: nan@1.7.0
345 silly lifecycle nan@1.7.0~install: no script for install, continuing
346 silly install socketwatcher@0.2.1
347 info lifecycle socketwatcher@0.2.1~install: socketwatcher@0.2.1
348 verbose lifecycle socketwatcher@0.2.1~install: unsafe-perm in lifecycle true
349 verbose lifecycle socketwatcher@0.2.1~install: PATH: /usr/local/lib/node_modules/npm/bin/node-gyp-bin:/Users/thachp/Desktop/om-network/node_modules/socketwatcher/node_modules/.bin:/Users/thachp/Desktop/om-network/node_modules/.bin:/Users/thachp/.rvm/gems/ruby-2.4.2/bin:/Users/thachp/.rvm/gems/ruby-2.4.2@global/bin:/Users/thachp/.rvm/rubies/ruby-2.4.2/bin:/usr/local/sbin:/Users/thachp/.rbenv/bin:~/.composer/vendor/bin:/usr/local/bin:/usr/bin:/bin:/usr/sbin:/sbin:/opt/X11/bin:/Users/thachp/.rvm/bin
350 verbose lifecycle socketwatcher@0.2.1~install: CWD: /Users/thachp/Desktop/om-network/node_modules/socketwatcher
351 silly lifecycle socketwatcher@0.2.1~install: Args: [ '-c', 'node-gyp rebuild' ]
352 silly lifecycle socketwatcher@0.2.1~install: Returned: code: 1  signal: null
353 info lifecycle socketwatcher@0.2.1~install: Failed to exec install script
354 verbose unlock done using /Users/thachp/.npm/_locks/staging-c6d649bb9878044d.lock for /Users/thachp/Desktop/om-network/node_modules/.staging
355 silly rollbackFailedOptional Starting
356 silly gentlyRm /Users/thachp/Desktop/om-network/node_modules/socketwatcher/node_modules/nan is being purged from base /Users/thachp/Desktop/om-network
357 verbose gentlyRm don't care about contents; nuking /Users/thachp/Desktop/om-network/node_modules/socketwatcher/node_modules/nan
358 silly gentlyRm /Users/thachp/Desktop/om-network/node_modules/socketwatcher/node_modules/nan is being purged from base /Users/thachp/Desktop/om-network
359 verbose gentlyRm don't care about contents; nuking /Users/thachp/Desktop/om-network/node_modules/socketwatcher/node_modules/nan
360 silly gentlyRm /Users/thachp/Desktop/om-network/node_modules/socketwatcher/node_modules/nan is being purged from base /Users/thachp/Desktop/om-network
361 verbose gentlyRm don't care about contents; nuking /Users/thachp/Desktop/om-network/node_modules/socketwatcher/node_modules/nan
362 silly gentlyRm /Users/thachp/Desktop/om-network/node_modules/socketwatcher/node_modules/nan is being purged from base /Users/thachp/Desktop/om-network
363 verbose gentlyRm don't care about contents; nuking /Users/thachp/Desktop/om-network/node_modules/socketwatcher/node_modules/nan
364 silly gentlyRm /Users/thachp/Desktop/om-network/node_modules/socketwatcher/node_modules/nan is being purged from base /Users/thachp/Desktop/om-network
365 verbose gentlyRm don't care about contents; nuking /Users/thachp/Desktop/om-network/node_modules/socketwatcher/node_modules/nan
366 silly gentlyRm /Users/thachp/Desktop/om-network/node_modules/socketwatcher/node_modules/nan is being purged from base /Users/thachp/Desktop/om-network
367 verbose gentlyRm don't care about contents; nuking /Users/thachp/Desktop/om-network/node_modules/socketwatcher/node_modules/nan
368 silly gentlyRm /Users/thachp/Desktop/om-network/node_modules/socketwatcher/node_modules/nan is being purged from base /Users/thachp/Desktop/om-network
369 verbose gentlyRm don't care about contents; nuking /Users/thachp/Desktop/om-network/node_modules/socketwatcher/node_modules/nan
370 silly gentlyRm /Users/thachp/Desktop/om-network/node_modules/socketwatcher/node_modules/nan is being purged from base /Users/thachp/Desktop/om-network
371 verbose gentlyRm don't care about contents; nuking /Users/thachp/Desktop/om-network/node_modules/socketwatcher/node_modules/nan
372 silly gentlyRm /Users/thachp/Desktop/om-network/node_modules/socketwatcher is being purged from base /Users/thachp/Desktop/om-network
373 verbose gentlyRm don't care about contents; nuking /Users/thachp/Desktop/om-network/node_modules/socketwatcher
374 silly gentlyRm /Users/thachp/Desktop/om-network/node_modules/socketwatcher is being purged from base /Users/thachp/Desktop/om-network
375 verbose gentlyRm don't care about contents; nuking /Users/thachp/Desktop/om-network/node_modules/socketwatcher
376 silly gentlyRm /Users/thachp/Desktop/om-network/node_modules/socketwatcher is being purged from base /Users/thachp/Desktop/om-network
377 verbose gentlyRm don't care about contents; nuking /Users/thachp/Desktop/om-network/node_modules/socketwatcher
378 silly gentlyRm /Users/thachp/Desktop/om-network/node_modules/socketwatcher is being purged from base /Users/thachp/Desktop/om-network
379 verbose gentlyRm don't care about contents; nuking /Users/thachp/Desktop/om-network/node_modules/socketwatcher
380 silly gentlyRm /Users/thachp/Desktop/om-network/node_modules/socketwatcher is being purged from base /Users/thachp/Desktop/om-network
381 verbose gentlyRm don't care about contents; nuking /Users/thachp/Desktop/om-network/node_modules/socketwatcher
382 silly gentlyRm /Users/thachp/Desktop/om-network/node_modules/socketwatcher is being purged from base /Users/thachp/Desktop/om-network
383 verbose gentlyRm don't care about contents; nuking /Users/thachp/Desktop/om-network/node_modules/socketwatcher
384 silly gentlyRm /Users/thachp/Desktop/om-network/node_modules/socketwatcher is being purged from base /Users/thachp/Desktop/om-network
385 verbose gentlyRm don't care about contents; nuking /Users/thachp/Desktop/om-network/node_modules/socketwatcher
386 silly gentlyRm /Users/thachp/Desktop/om-network/node_modules/socketwatcher is being purged from base /Users/thachp/Desktop/om-network
387 verbose gentlyRm don't care about contents; nuking /Users/thachp/Desktop/om-network/node_modules/socketwatcher
388 silly gentlyRm /Users/thachp/Desktop/om-network/node_modules/pcap is being purged from base /Users/thachp/Desktop/om-network
389 verbose gentlyRm don't care about contents; nuking /Users/thachp/Desktop/om-network/node_modules/pcap
390 silly gentlyRm /Users/thachp/Desktop/om-network/node_modules/pcap is being purged from base /Users/thachp/Desktop/om-network
391 verbose gentlyRm don't care about contents; nuking /Users/thachp/Desktop/om-network/node_modules/pcap
392 silly gentlyRm /Users/thachp/Desktop/om-network/node_modules/pcap is being purged from base /Users/thachp/Desktop/om-network
393 verbose gentlyRm don't care about contents; nuking /Users/thachp/Desktop/om-network/node_modules/pcap
394 silly gentlyRm /Users/thachp/Desktop/om-network/node_modules/pcap is being purged from base /Users/thachp/Desktop/om-network
395 verbose gentlyRm don't care about contents; nuking /Users/thachp/Desktop/om-network/node_modules/pcap
396 silly gentlyRm /Users/thachp/Desktop/om-network/node_modules/pcap is being purged from base /Users/thachp/Desktop/om-network
397 verbose gentlyRm don't care about contents; nuking /Users/thachp/Desktop/om-network/node_modules/pcap
398 silly gentlyRm /Users/thachp/Desktop/om-network/node_modules/pcap is being purged from base /Users/thachp/Desktop/om-network
399 verbose gentlyRm don't care about contents; nuking /Users/thachp/Desktop/om-network/node_modules/pcap
400 silly gentlyRm /Users/thachp/Desktop/om-network/node_modules/pcap is being purged from base /Users/thachp/Desktop/om-network
401 verbose gentlyRm don't care about contents; nuking /Users/thachp/Desktop/om-network/node_modules/pcap
402 silly gentlyRm /Users/thachp/Desktop/om-network/node_modules/pcap is being purged from base /Users/thachp/Desktop/om-network
403 verbose gentlyRm don't care about contents; nuking /Users/thachp/Desktop/om-network/node_modules/pcap
404 silly vacuum-fs purging /Users/thachp/Desktop/om-network/node_modules/socketwatcher/node_modules/nan
405 silly vacuum-fs purging /Users/thachp/Desktop/om-network/node_modules/socketwatcher/node_modules/nan
406 silly vacuum-fs purging /Users/thachp/Desktop/om-network/node_modules/socketwatcher/node_modules/nan
407 silly vacuum-fs purging /Users/thachp/Desktop/om-network/node_modules/socketwatcher/node_modules/nan
408 silly vacuum-fs purging /Users/thachp/Desktop/om-network/node_modules/socketwatcher/node_modules/nan
409 silly vacuum-fs purging /Users/thachp/Desktop/om-network/node_modules/socketwatcher/node_modules/nan
410 silly vacuum-fs purging /Users/thachp/Desktop/om-network/node_modules/socketwatcher/node_modules/nan
411 silly vacuum-fs purging /Users/thachp/Desktop/om-network/node_modules/socketwatcher/node_modules/nan
412 silly vacuum-fs purging /Users/thachp/Desktop/om-network/node_modules/socketwatcher
413 silly vacuum-fs purging /Users/thachp/Desktop/om-network/node_modules/socketwatcher
414 silly vacuum-fs purging /Users/thachp/Desktop/om-network/node_modules/socketwatcher
415 silly vacuum-fs purging /Users/thachp/Desktop/om-network/node_modules/socketwatcher
416 silly vacuum-fs purging /Users/thachp/Desktop/om-network/node_modules/socketwatcher
417 silly vacuum-fs purging /Users/thachp/Desktop/om-network/node_modules/socketwatcher
418 silly vacuum-fs purging /Users/thachp/Desktop/om-network/node_modules/socketwatcher
419 silly vacuum-fs purging /Users/thachp/Desktop/om-network/node_modules/socketwatcher
420 silly vacuum-fs purging /Users/thachp/Desktop/om-network/node_modules/pcap
421 silly vacuum-fs purging /Users/thachp/Desktop/om-network/node_modules/pcap
422 silly vacuum-fs purging /Users/thachp/Desktop/om-network/node_modules/pcap
423 silly vacuum-fs purging /Users/thachp/Desktop/om-network/node_modules/pcap
424 silly vacuum-fs purging /Users/thachp/Desktop/om-network/node_modules/pcap
425 silly vacuum-fs purging /Users/thachp/Desktop/om-network/node_modules/pcap
426 silly vacuum-fs purging /Users/thachp/Desktop/om-network/node_modules/pcap
427 silly vacuum-fs purging /Users/thachp/Desktop/om-network/node_modules/pcap
428 silly vacuum-fs removing /Users/thachp/Desktop/om-network/node_modules/socketwatcher/node_modules
429 silly vacuum-fs removing /Users/thachp/Desktop/om-network/node_modules/socketwatcher/node_modules
430 silly vacuum-fs removing /Users/thachp/Desktop/om-network/node_modules/socketwatcher/node_modules
431 silly vacuum-fs removing /Users/thachp/Desktop/om-network/node_modules/socketwatcher/node_modules
432 silly vacuum-fs removing /Users/thachp/Desktop/om-network/node_modules/socketwatcher/node_modules
433 silly vacuum-fs removing /Users/thachp/Desktop/om-network/node_modules/socketwatcher/node_modules
434 silly vacuum-fs removing /Users/thachp/Desktop/om-network/node_modules/socketwatcher/node_modules
435 silly vacuum-fs quitting because other entries in /Users/thachp/Desktop/om-network/node_modules
436 silly vacuum-fs quitting because other entries in /Users/thachp/Desktop/om-network/node_modules
437 silly vacuum-fs quitting because other entries in /Users/thachp/Desktop/om-network/node_modules
438 silly vacuum-fs quitting because other entries in /Users/thachp/Desktop/om-network/node_modules
439 silly vacuum-fs quitting because other entries in /Users/thachp/Desktop/om-network/node_modules
440 silly vacuum-fs quitting because other entries in /Users/thachp/Desktop/om-network/node_modules
441 silly vacuum-fs quitting because other entries in /Users/thachp/Desktop/om-network/node_modules
442 silly vacuum-fs quitting because other entries in /Users/thachp/Desktop/om-network/node_modules
443 silly vacuum-fs quitting because other entries in /Users/thachp/Desktop/om-network/node_modules
444 silly vacuum-fs quitting because other entries in /Users/thachp/Desktop/om-network/node_modules
445 silly vacuum-fs quitting because other entries in /Users/thachp/Desktop/om-network/node_modules
446 silly vacuum-fs quitting because other entries in /Users/thachp/Desktop/om-network/node_modules
447 silly vacuum-fs quitting because other entries in /Users/thachp/Desktop/om-network/node_modules
448 silly vacuum-fs quitting because other entries in /Users/thachp/Desktop/om-network/node_modules
449 silly vacuum-fs quitting because other entries in /Users/thachp/Desktop/om-network/node_modules
450 silly vacuum-fs quitting because other entries in /Users/thachp/Desktop/om-network/node_modules
451 silly rollbackFailedOptional Finishing
452 silly runTopLevelLifecycles Finishing
453 silly install printInstalled
454 warn om-network@0.0.1 No repository field.
455 verbose If you need help, you may report this error at:
455 verbose     <https://github.com/npm/npm/issues>
456 verbose stack Error: socketwatcher@0.2.1 install: `node-gyp rebuild`
456 verbose stack Exit status 1
456 verbose stack     at EventEmitter.<anonymous> (/usr/local/lib/node_modules/npm/lib/utils/lifecycle.js:279:16)
456 verbose stack     at emitTwo (events.js:106:13)
456 verbose stack     at EventEmitter.emit (events.js:191:7)
456 verbose stack     at ChildProcess.<anonymous> (/usr/local/lib/node_modules/npm/lib/utils/spawn.js:40:14)
456 verbose stack     at emitTwo (events.js:106:13)
456 verbose stack     at ChildProcess.emit (events.js:191:7)
456 verbose stack     at maybeClose (internal/child_process.js:852:16)
456 verbose stack     at Process.ChildProcess._handle.onexit (internal/child_process.js:215:5)
457 verbose pkgid socketwatcher@0.2.1
458 verbose cwd /Users/thachp/Desktop/om-network
459 error Darwin 16.7.0
460 error argv "/usr/local/bin/node" "/usr/local/bin/npm" "install" "pcap"
461 error node v6.3.1
462 error npm  v4.1.2
463 error code ELIFECYCLE
464 error socketwatcher@0.2.1 install: `node-gyp rebuild`
464 error Exit status 1
465 error Failed at the socketwatcher@0.2.1 install script 'node-gyp rebuild'.
465 error Make sure you have the latest version of node.js and npm installed.
465 error If you do, this is most likely a problem with the socketwatcher package,
465 error not with npm itself.
465 error Tell the author that this fails on your system:
465 error     node-gyp rebuild
465 error You can get information on how to open an issue for this project with:
465 error     npm bugs socketwatcher
465 error Or if that isn't available, you can get their info via:
465 error     npm owner ls socketwatcher
465 error There is likely additional logging output above.
466 verbose exit [ 1, true ]
